<?xml version="1.0" encoding="UTF-8"?>
<coverage generated="1685039810257" clover="3.2.0">
  <project timestamp="1685039810258" name="All files">
    <metrics statements="55" coveredstatements="52" conditionals="12" coveredconditionals="12" methods="18" coveredmethods="15" elements="85" coveredelements="79" complexity="0" loc="55" ncloc="55" packages="1" files="2" classes="2"/>
    <file name="callbacks.js" path="/Users/vijay/Desktop/FirstProject/src/callbacks.js">
      <metrics statements="20" coveredstatements="19" conditionals="6" coveredconditionals="6" methods="5" coveredmethods="4"/>
      <line num="1" count="1" type="stmt"/>
      <line num="7" count="1" type="stmt"/>
      <line num="8" count="18" type="stmt"/>
      <line num="9" count="18" type="stmt"/>
      <line num="10" count="54" type="cond" truecount="2" falsecount="0"/>
      <line num="11" count="11" type="stmt"/>
      <line num="14" count="18" type="stmt"/>
      <line num="19" count="13" type="cond" truecount="4" falsecount="0"/>
      <line num="20" count="7" type="stmt"/>
      <line num="23" count="6" type="stmt"/>
      <line num="24" count="6" type="stmt"/>
      <line num="27" count="6" type="stmt"/>
      <line num="28" count="4" type="stmt"/>
      <line num="29" count="4" type="stmt"/>
      <line num="31" count="2" type="stmt"/>
      <line num="32" count="2" type="stmt"/>
      <line num="35" count="1" type="stmt"/>
      <line num="36" count="1" type="stmt"/>
      <line num="37" count="0" type="stmt"/>
      <line num="39" count="1" type="stmt"/>
    </file>
    <file name="index.js" path="/Users/vijay/Desktop/FirstProject/src/index.js">
      <metrics statements="35" coveredstatements="33" conditionals="6" coveredconditionals="6" methods="13" coveredmethods="11"/>
      <line num="1" count="1" type="stmt"/>
      <line num="2" count="1" type="stmt"/>
      <line num="6" count="1" type="stmt"/>
      <line num="10" count="1" type="stmt"/>
      <line num="14" count="1" type="stmt"/>
      <line num="17" count="6" type="cond" truecount="2" falsecount="0"/>
      <line num="18" count="1" type="stmt"/>
      <line num="20" count="5" type="stmt"/>
      <line num="21" count="5" type="stmt"/>
      <line num="22" count="3" type="stmt"/>
      <line num="26" count="2" type="stmt"/>
      <line num="29" count="2" type="stmt"/>
      <line num="31" count="3" type="stmt"/>
      <line num="36" count="1" type="stmt"/>
      <line num="37" count="1" type="stmt"/>
      <line num="38" count="1" type="stmt"/>
      <line num="39" count="0" type="stmt"/>
      <line num="42" count="1" type="stmt"/>
      <line num="43" count="17" type="stmt"/>
      <line num="44" count="17" type="stmt"/>
      <line num="45" count="51" type="cond" truecount="2" falsecount="0"/>
      <line num="46" count="8" type="stmt"/>
      <line num="49" count="17" type="stmt"/>
      <line num="53" count="1" type="stmt"/>
      <line num="54" count="10" type="stmt"/>
      <line num="55" count="10" type="cond" truecount="2" falsecount="0"/>
      <line num="56" count="7" type="stmt"/>
      <line num="58" count="3" type="stmt"/>
      <line num="63" count="1" type="stmt"/>
      <line num="64" count="6" type="stmt"/>
      <line num="65" count="6" type="stmt"/>
      <line num="68" count="1" type="stmt"/>
      <line num="69" count="1" type="stmt"/>
      <line num="70" count="0" type="stmt"/>
      <line num="72" count="1" type="stmt"/>
    </file>
  </project>
</coverage>
