{"/Users/vijay/Desktop/FirstProject/src/callbacks.js": {"path":"/Users/vijay/Desktop/FirstProject/src/callbacks.js","statementMap":{"0":{"start":{"line":1,"column":15},"end":{"line":5,"column":1}},"1":{"start":{"line":7,"column":19},"end":{"line":16,"column":1}},"2":{"start":{"line":8,"column":2},"end":{"line":15,"column":5}},"3":{"start":{"line":9,"column":4},"end":{"line":13,"column":5}},"4":{"start":{"line":10,"column":6},"end":{"line":12,"column":7}},"5":{"start":{"line":11,"column":8},"end":{"line":11,"column":35}},"6":{"start":{"line":14,"column":4},"end":{"line":14,"column":25}},"7":{"start":{"line":19,"column":2},"end":{"line":21,"column":3}},"8":{"start":{"line":20,"column":4},"end":{"line":20,"column":34}},"9":{"start":{"line":23,"column":2},"end":{"line":23,"column":18}},"10":{"start":{"line":24,"column":2},"end":{"line":33,"column":3}},"11":{"start":{"line":27,"column":22},"end":{"line":27,"column":40}},"12":{"start":{"line":28,"column":4},"end":{"line":28,"column":29}},"13":{"start":{"line":29,"column":4},"end":{"line":29,"column":23}},"14":{"start":{"line":31,"column":4},"end":{"line":31,"column":24}},"15":{"start":{"line":32,"column":4},"end":{"line":32,"column":17}},"16":{"start":{"line":35,"column":0},"end":{"line":37,"column":40}},"17":{"start":{"line":36,"column":18},"end":{"line":36,"column":35}},"18":{"start":{"line":37,"column":20},"end":{"line":37,"column":38}},"19":{"start":{"line":39,"column":0},"end":{"line":43,"column":2}}},"fnMap":{"0":{"name":"(anonymous_0)","decl":{"start":{"line":7,"column":19},"end":{"line":7,"column":20}},"loc":{"start":{"line":7,"column":32},"end":{"line":16,"column":1}},"line":7},"1":{"name":"(anonymous_1)","decl":{"start":{"line":8,"column":21},"end":{"line":8,"column":22}},"loc":{"start":{"line":8,"column":42},"end":{"line":15,"column":3}},"line":8},"2":{"name":"studentDetails","decl":{"start":{"line":18,"column":15},"end":{"line":18,"column":29}},"loc":{"start":{"line":18,"column":44},"end":{"line":34,"column":1}},"line":18},"3":{"name":"(anonymous_3)","decl":{"start":{"line":36,"column":8},"end":{"line":36,"column":9}},"loc":{"start":{"line":36,"column":18},"end":{"line":36,"column":35}},"line":36},"4":{"name":"(anonymous_4)","decl":{"start":{"line":37,"column":9},"end":{"line":37,"column":10}},"loc":{"start":{"line":37,"column":20},"end":{"line":37,"column":38}},"line":37}},"branchMap":{"0":{"loc":{"start":{"line":10,"column":6},"end":{"line":12,"column":7}},"type":"if","locations":[{"start":{"line":10,"column":6},"end":{"line":12,"column":7}},{"start":{},"end":{}}],"line":10},"1":{"loc":{"start":{"line":19,"column":2},"end":{"line":21,"column":3}},"type":"if","locations":[{"start":{"line":19,"column":2},"end":{"line":21,"column":3}},{"start":{},"end":{}}],"line":19},"2":{"loc":{"start":{"line":19,"column":5},"end":{"line":19,"column":65}},"type":"binary-expr","locations":[{"start":{"line":19,"column":5},"end":{"line":19,"column":29}},{"start":{"line":19,"column":33},"end":{"line":19,"column":65}}],"line":19}},"s":{"0":1,"1":1,"2":18,"3":18,"4":54,"5":11,"6":18,"7":13,"8":7,"9":6,"10":6,"11":6,"12":4,"13":4,"14":2,"15":2,"16":1,"17":1,"18":0,"19":1},"f":{"0":18,"1":18,"2":13,"3":1,"4":0},"b":{"0":[11,43],"1":[7,6],"2":[13,8]},"_coverageSchema":"1a1c01bbd47fc00a2c39e90264f33305004495a9","hash":"bc9ee2ae24e6aa5f03b6c5658c4c2624589891c9"}
,"/Users/vijay/Desktop/FirstProject/src/index.js": {"path":"/Users/vijay/Desktop/FirstProject/src/index.js","statementMap":{"0":{"start":{"line":1,"column":21},"end":{"line":1,"column":26}},"1":{"start":{"line":2,"column":15},"end":{"line":5,"column":1}},"2":{"start":{"line":6,"column":15},"end":{"line":9,"column":1}},"3":{"start":{"line":10,"column":15},"end":{"line":13,"column":1}},"4":{"start":{"line":14,"column":17},"end":{"line":14,"column":41}},"5":{"start":{"line":17,"column":2},"end":{"line":19,"column":3}},"6":{"start":{"line":18,"column":4},"end":{"line":18,"column":32}},"7":{"start":{"line":20,"column":2},"end":{"line":32,"column":3}},"8":{"start":{"line":21,"column":31},"end":{"line":21,"column":58}},"9":{"start":{"line":22,"column":49},"end":{"line":25,"column":5}},"10":{"start":{"line":26,"column":32},"end":{"line":28,"column":5}},"11":{"start":{"line":29,"column":4},"end":{"line":29,"column":31}},"12":{"start":{"line":31,"column":4},"end":{"line":31,"column":17}},"13":{"start":{"line":36,"column":2},"end":{"line":39,"column":42}},"14":{"start":{"line":37,"column":27},"end":{"line":37,"column":73}},"15":{"start":{"line":38,"column":27},"end":{"line":38,"column":58}},"16":{"start":{"line":39,"column":22},"end":{"line":39,"column":40}},"17":{"start":{"line":42,"column":21},"end":{"line":51,"column":1}},"18":{"start":{"line":43,"column":2},"end":{"line":50,"column":5}},"19":{"start":{"line":44,"column":4},"end":{"line":48,"column":5}},"20":{"start":{"line":45,"column":6},"end":{"line":47,"column":7}},"21":{"start":{"line":46,"column":8},"end":{"line":46,"column":33}},"22":{"start":{"line":49,"column":4},"end":{"line":49,"column":36}},"23":{"start":{"line":53,"column":28},"end":{"line":61,"column":1}},"24":{"start":{"line":54,"column":2},"end":{"line":60,"column":5}},"25":{"start":{"line":55,"column":4},"end":{"line":59,"column":5}},"26":{"start":{"line":56,"column":6},"end":{"line":56,"column":35}},"27":{"start":{"line":58,"column":6},"end":{"line":58,"column":50}},"28":{"start":{"line":63,"column":25},"end":{"line":67,"column":1}},"29":{"start":{"line":64,"column":2},"end":{"line":66,"column":5}},"30":{"start":{"line":65,"column":4},"end":{"line":65,"column":47}},"31":{"start":{"line":68,"column":0},"end":{"line":70,"column":42}},"32":{"start":{"line":69,"column":21},"end":{"line":69,"column":41}},"33":{"start":{"line":70,"column":21},"end":{"line":70,"column":40}},"34":{"start":{"line":72,"column":0},"end":{"line":79,"column":2}}},"fnMap":{"0":{"name":"orderProcess","decl":{"start":{"line":16,"column":15},"end":{"line":16,"column":27}},"loc":{"start":{"line":16,"column":37},"end":{"line":33,"column":1}},"line":16},"1":{"name":"productPurchase","decl":{"start":{"line":35,"column":9},"end":{"line":35,"column":24}},"loc":{"start":{"line":35,"column":38},"end":{"line":40,"column":1}},"line":35},"2":{"name":"(anonymous_2)","decl":{"start":{"line":37,"column":10},"end":{"line":37,"column":11}},"loc":{"start":{"line":37,"column":27},"end":{"line":37,"column":73}},"line":37},"3":{"name":"(anonymous_3)","decl":{"start":{"line":38,"column":10},"end":{"line":38,"column":11}},"loc":{"start":{"line":38,"column":27},"end":{"line":38,"column":58}},"line":38},"4":{"name":"(anonymous_4)","decl":{"start":{"line":39,"column":11},"end":{"line":39,"column":12}},"loc":{"start":{"line":39,"column":22},"end":{"line":39,"column":40}},"line":39},"5":{"name":"(anonymous_5)","decl":{"start":{"line":42,"column":21},"end":{"line":42,"column":22}},"loc":{"start":{"line":42,"column":34},"end":{"line":51,"column":1}},"line":42},"6":{"name":"(anonymous_6)","decl":{"start":{"line":43,"column":21},"end":{"line":43,"column":22}},"loc":{"start":{"line":43,"column":42},"end":{"line":50,"column":3}},"line":43},"7":{"name":"(anonymous_7)","decl":{"start":{"line":53,"column":28},"end":{"line":53,"column":29}},"loc":{"start":{"line":53,"column":49},"end":{"line":61,"column":1}},"line":53},"8":{"name":"(anonymous_8)","decl":{"start":{"line":54,"column":21},"end":{"line":54,"column":22}},"loc":{"start":{"line":54,"column":42},"end":{"line":60,"column":3}},"line":54},"9":{"name":"(anonymous_9)","decl":{"start":{"line":63,"column":25},"end":{"line":63,"column":26}},"loc":{"start":{"line":63,"column":38},"end":{"line":67,"column":1}},"line":63},"10":{"name":"(anonymous_10)","decl":{"start":{"line":64,"column":21},"end":{"line":64,"column":22}},"loc":{"start":{"line":64,"column":42},"end":{"line":66,"column":3}},"line":64},"11":{"name":"(anonymous_11)","decl":{"start":{"line":69,"column":8},"end":{"line":69,"column":9}},"loc":{"start":{"line":69,"column":21},"end":{"line":69,"column":41}},"line":69},"12":{"name":"(anonymous_12)","decl":{"start":{"line":70,"column":9},"end":{"line":70,"column":10}},"loc":{"start":{"line":70,"column":21},"end":{"line":70,"column":40}},"line":70}},"branchMap":{"0":{"loc":{"start":{"line":17,"column":2},"end":{"line":19,"column":3}},"type":"if","locations":[{"start":{"line":17,"column":2},"end":{"line":19,"column":3}},{"start":{},"end":{}}],"line":17},"1":{"loc":{"start":{"line":45,"column":6},"end":{"line":47,"column":7}},"type":"if","locations":[{"start":{"line":45,"column":6},"end":{"line":47,"column":7}},{"start":{},"end":{}}],"line":45},"2":{"loc":{"start":{"line":55,"column":4},"end":{"line":59,"column":5}},"type":"if","locations":[{"start":{"line":55,"column":4},"end":{"line":59,"column":5}},{"start":{"line":57,"column":11},"end":{"line":59,"column":5}}],"line":55}},"s":{"0":1,"1":1,"2":1,"3":1,"4":1,"5":6,"6":1,"7":5,"8":5,"9":3,"10":2,"11":2,"12":3,"13":1,"14":1,"15":1,"16":0,"17":1,"18":17,"19":17,"20":51,"21":8,"22":17,"23":1,"24":10,"25":10,"26":7,"27":3,"28":1,"29":6,"30":6,"31":1,"32":1,"33":0,"34":1},"f":{"0":6,"1":1,"2":1,"3":1,"4":0,"5":17,"6":17,"7":10,"8":10,"9":6,"10":6,"11":1,"12":0},"b":{"0":[1,5],"1":[8,43],"2":[7,3]},"_coverageSchema":"1a1c01bbd47fc00a2c39e90264f33305004495a9","hash":"34e699f5f09fcaab0cbbabd4ad773e653ab751b6"}
}
