TN:
SF:src/callbacks.js
FN:7,(anonymous_0)
FN:8,(anonymous_1)
FN:18,studentDetails
FN:36,(anonymous_3)
FN:37,(anonymous_4)
FNF:5
FNH:4
FNDA:18,(anonymous_0)
FNDA:18,(anonymous_1)
FNDA:13,studentDetails
FNDA:1,(anonymous_3)
FNDA:0,(anonymous_4)
DA:1,1
DA:7,1
DA:8,18
DA:9,18
DA:10,54
DA:11,11
DA:14,18
DA:19,13
DA:20,7
DA:23,6
DA:24,6
DA:27,6
DA:28,4
DA:29,4
DA:31,2
DA:32,2
DA:35,1
DA:36,1
DA:37,0
DA:39,1
LF:20
LH:19
BRDA:10,0,0,11
BRDA:10,0,1,43
BRDA:19,1,0,7
BRDA:19,1,1,6
BRDA:19,2,0,13
BRDA:19,2,1,8
BRF:6
BRH:6
end_of_record
TN:
SF:src/index.js
FN:16,orderProcess
FN:35,productPurchase
FN:37,(anonymous_2)
FN:38,(anonymous_3)
FN:39,(anonymous_4)
FN:42,(anonymous_5)
FN:43,(anonymous_6)
FN:53,(anonymous_7)
FN:54,(anonymous_8)
FN:63,(anonymous_9)
FN:64,(anonymous_10)
FN:69,(anonymous_11)
FN:70,(anonymous_12)
FNF:13
FNH:11
FNDA:6,orderProcess
FNDA:1,productPurchase
FNDA:1,(anonymous_2)
FNDA:1,(anonymous_3)
FNDA:0,(anonymous_4)
FNDA:17,(anonymous_5)
FNDA:17,(anonymous_6)
FNDA:10,(anonymous_7)
FNDA:10,(anonymous_8)
FNDA:6,(anonymous_9)
FNDA:6,(anonymous_10)
FNDA:1,(anonymous_11)
FNDA:0,(anonymous_12)
DA:1,1
DA:2,1
DA:6,1
DA:10,1
DA:14,1
DA:17,6
DA:18,1
DA:20,5
DA:21,5
DA:22,3
DA:26,2
DA:29,2
DA:31,3
DA:36,1
DA:37,1
DA:38,1
DA:39,0
DA:42,1
DA:43,17
DA:44,17
DA:45,51
DA:46,8
DA:49,17
DA:53,1
DA:54,10
DA:55,10
DA:56,7
DA:58,3
DA:63,1
DA:64,6
DA:65,6
DA:68,1
DA:69,1
DA:70,0
DA:72,1
LF:35
LH:33
BRDA:17,0,0,1
BRDA:17,0,1,5
BRDA:45,1,0,8
BRDA:45,1,1,43
BRDA:55,2,0,7
BRDA:55,2,1,3
BRF:6
BRH:6
end_of_record
